2024-08-20 19:59:41,787 [INFO] Activator:176 - 


2024-08-20 19:59:41,789 [INFO] Activator:177 - !SESSION log4j initialized
2024-08-20 19:59:45,207 [INFO] LogOutputStream:77 - [STDOUT_REDIRECT] 
2024-08-20 19:59:48,161 [INFO] ApplicationProperties:184 - Using Application install path: C:\ST\STM32CubeIDE_1.16.0\STM32CubeIDE\plugins\com.st.stm32cube.common.mx_6.12.0.202406281431
2024-08-20 19:59:48,190 [INFO] DbMcusXml:78 - Set database path to: C:\ST\STM32CubeIDE_1.16.0\STM32CubeIDE\plugins\com.st.stm32cube.common.mx_6.12.0.202406281431\\db\/mcu/
2024-08-20 19:59:48,190 [INFO] ApiDb:274 - Set plugin database path to: C:\ST\STM32CubeIDE_1.16.0\STM32CubeIDE\plugins\com.st.stm32cube.common.mx_6.12.0.202406281431\\db\/plugins/boardmanager/
2024-08-20 19:59:48,191 [WARN] ApiDb:259 - Overriding images path with different value:  => C:\ST\STM32CubeIDE_1.16.0\STM32CubeIDE\plugins\com.st.stm32cube.common.mx_6.12.0.202406281431\\db\/plugins/mcufinder/images/
2024-08-20 19:59:48,200 [INFO] ApiDb:250 - Set database path to: C:\Users\vuyani\.stmcufinder\plugins\mcufinder//mcu/
2024-08-20 19:59:48,202 [INFO] DbMcusAds:125 - Set database path to: C:\Users\vuyani\.stmcufinder\plugins\mcufinder//mcu/
2024-08-20 19:59:48,209 [INFO] CrossReferenceDbSqlite:203 - Set database path to: C:\Users\vuyani\.stmcufinder\plugins\mcufinder//mcu/cs/
2024-08-20 19:59:48,363 [INFO] RulesReader:64 - Compatibility file has been processed (297 Rules)
2024-08-20 19:59:48,485 [INFO] DbMcusXml:78 - Set database path to: C:\ST\STM32CubeIDE_1.16.0\STM32CubeIDE\plugins\com.st.stm32cube.common.mx_6.12.0.202406281431\\db\/mcu/
2024-08-20 19:59:48,485 [INFO] ApiDb:274 - Set plugin database path to: C:\ST\STM32CubeIDE_1.16.0\STM32CubeIDE\plugins\com.st.stm32cube.common.mx_6.12.0.202406281431\\db\/plugins/boardmanager/
2024-08-20 19:59:48,485 [INFO] ApiDb:261 - Set plugin images path to: C:\ST\STM32CubeIDE_1.16.0\STM32CubeIDE\plugins\com.st.stm32cube.common.mx_6.12.0.202406281431\\db\/plugins/mcufinder/images/
2024-08-20 19:59:48,486 [WARN] DbFile:41 - Overriding database path with different value: C:\Users\vuyani\.stmcufinder\plugins\mcufinder/ => C:\Users\vuyani\.stmcufinder\plugins\mcufinder
2024-08-20 19:59:48,486 [INFO] ApiDb:250 - Set database path to: C:\Users\vuyani\.stmcufinder\plugins\mcufinder//mcu/
2024-08-20 19:59:48,487 [WARN] DbFile:41 - Overriding database path with different value: C:\Users\vuyani\.stmcufinder\plugins\mcufinder/ => C:\Users\vuyani\.stmcufinder\plugins\mcufinder
2024-08-20 19:59:48,487 [INFO] DbMcusAds:125 - Set database path to: C:\Users\vuyani\.stmcufinder\plugins\mcufinder//mcu/
2024-08-20 19:59:48,487 [WARN] DbFile:41 - Overriding database path with different value: C:\Users\vuyani\.stmcufinder\plugins\mcufinder/ => C:\Users\vuyani\.stmcufinder\plugins\mcufinder
2024-08-20 19:59:48,487 [WARN] DbFile:41 - Overriding database path with different value: C:\Users\vuyani\.stmcufinder\plugins\mcufinder/ => C:\Users\vuyani\.stmcufinder\plugins\mcufinder
2024-08-20 19:59:48,487 [INFO] CrossReferenceDbSqlite:203 - Set database path to: C:\Users\vuyani\.stmcufinder\plugins\mcufinder//mcu/cs/
2024-08-20 19:59:48,615 [INFO] MainPanel:268 - HeapMemory: 268435456
2024-08-20 19:59:48,742 [INFO] DbMcusXml:78 - Set database path to: C:\ST\STM32CubeIDE_1.16.0\STM32CubeIDE\plugins\com.st.stm32cube.common.mx_6.12.0.202406281431\\db\/mcu/
2024-08-20 19:59:48,742 [INFO] ApiDb:274 - Set plugin database path to: C:\ST\STM32CubeIDE_1.16.0\STM32CubeIDE\plugins\com.st.stm32cube.common.mx_6.12.0.202406281431\\db\/plugins/boardmanager/
2024-08-20 19:59:48,742 [INFO] ApiDb:261 - Set plugin images path to: C:\ST\STM32CubeIDE_1.16.0\STM32CubeIDE\plugins\com.st.stm32cube.common.mx_6.12.0.202406281431\\db\/plugins/mcufinder/images/
2024-08-20 19:59:48,742 [WARN] DbFile:41 - Overriding database path with different value: C:\Users\vuyani\.stmcufinder\plugins\mcufinder/ => C:\Users\vuyani\.stmcufinder\plugins\mcufinder
2024-08-20 19:59:48,742 [INFO] ApiDb:250 - Set database path to: C:\Users\vuyani\.stmcufinder\plugins\mcufinder//mcu/
2024-08-20 19:59:48,742 [WARN] DbFile:41 - Overriding database path with different value: C:\Users\vuyani\.stmcufinder\plugins\mcufinder/ => C:\Users\vuyani\.stmcufinder\plugins\mcufinder
2024-08-20 19:59:48,742 [INFO] DbMcusAds:125 - Set database path to: C:\Users\vuyani\.stmcufinder\plugins\mcufinder//mcu/
2024-08-20 19:59:48,743 [WARN] DbFile:41 - Overriding database path with different value: C:\Users\vuyani\.stmcufinder\plugins\mcufinder/ => C:\Users\vuyani\.stmcufinder\plugins\mcufinder
2024-08-20 19:59:48,743 [WARN] DbFile:41 - Overriding database path with different value: C:\Users\vuyani\.stmcufinder\plugins\mcufinder/ => C:\Users\vuyani\.stmcufinder\plugins\mcufinder
2024-08-20 19:59:48,743 [INFO] CrossReferenceDbSqlite:203 - Set database path to: C:\Users\vuyani\.stmcufinder\plugins\mcufinder//mcu/cs/
2024-08-20 19:59:48,767 [INFO] ApplicationProperties:184 - Using Application install path: C:\ST\STM32CubeIDE_1.16.0\STM32CubeIDE\plugins\com.st.stm32cube.common.mx_6.12.0.202406281431
2024-08-20 19:59:48,769 [INFO] PluginManage:196 - Search for loadable plugins [exclusion list=, ]
2024-08-20 19:59:48,773 [INFO] PluginManage:310 - Check plugin analytics
2024-08-20 19:59:49,032 [INFO] AnalyticsPlugin:253 - Accepted Software Licenses: 
2024-08-20 19:59:49,033 [INFO] AnalyticsPlugin:255 - Accepted CMSIS Pack Licenses: 
2024-08-20 19:59:49,033 [INFO] AnalyticsPlugin:257 - Accepted Firmware Licenses: 
2024-08-20 19:59:49,054 [INFO] PluginManage:359 - Loaded plugin analytics (category:tool,tabindex:-1)
2024-08-20 19:59:49,055 [INFO] PluginManage:310 - Check plugin cadmodel
2024-08-20 19:59:49,062 [INFO] CADModel:105 - Init CAD model plugin
2024-08-20 19:59:49,062 [INFO] PluginManage:359 - Loaded plugin cadmodel (category:power,tabindex:5)
2024-08-20 19:59:49,063 [INFO] PluginManage:310 - Check plugin clock
2024-08-20 19:59:49,079 [INFO] PluginManage:359 - Loaded plugin clock (category:base,tabindex:2)
2024-08-20 19:59:49,079 [INFO] PluginManage:310 - Check plugin ddr
2024-08-20 19:59:49,082 [INFO] PluginManage:359 - Loaded plugin ddr (category:tool,tabindex:6)
2024-08-20 19:59:49,082 [INFO] PluginManage:310 - Check plugin filemanager
2024-08-20 19:59:49,291 [INFO] PluginManage:359 - Loaded plugin filemanager (category:base,tabindex:10)
2024-08-20 19:59:49,291 [INFO] PluginManage:310 - Check plugin ipmanager
2024-08-20 19:59:49,303 [INFO] PluginManage:359 - Loaded plugin ipmanager (category:base,tabindex:5)
2024-08-20 19:59:49,304 [INFO] PluginManage:310 - Check plugin lpbam
2024-08-20 19:59:49,313 [INFO] PluginManage:359 - Loaded plugin lpbam (category:base,tabindex:0)
2024-08-20 19:59:49,314 [INFO] PluginManage:310 - Check plugin memorymap
2024-08-20 19:59:49,336 [INFO] PluginManage:359 - Loaded plugin memorymap (category:base,tabindex:4)
2024-08-20 19:59:49,336 [INFO] PluginManage:310 - Check plugin pinoutandconfiguration
2024-08-20 19:59:49,344 [INFO] PluginManage:359 - Loaded plugin pinoutandconfiguration (category:base,tabindex:1)
2024-08-20 19:59:49,344 [INFO] PluginManage:310 - Check plugin pinoutconfig
2024-08-20 19:59:49,445 [WARN] SupportedApi:132 - Cannot load RTOS API schema: s4s-elt-must-match.1: The content of 'definitions' must match (annotation?, (simpleType | complexType)?, (unique | key | keyref)*)). A problem was found starting at: attribute.
2024-08-20 19:59:49,698 [INFO] PluginManage:359 - Loaded plugin pinoutconfig (category:base,tabindex:0)
2024-08-20 19:59:49,698 [INFO] PluginManage:310 - Check plugin power
2024-08-20 19:59:49,714 [INFO] PluginManage:359 - Loaded plugin power (category:power,tabindex:4)
2024-08-20 19:59:49,715 [INFO] PluginManage:310 - Check plugin projectmanager
2024-08-20 19:59:49,741 [INFO] PluginManage:359 - Loaded plugin projectmanager (category:projectmanager,tabindex:4)
2024-08-20 19:59:49,741 [INFO] PluginManage:310 - Check plugin rif
2024-08-20 19:59:49,748 [INFO] PluginManage:359 - Loaded plugin rif (category:base,tabindex:3)
2024-08-20 19:59:49,749 [INFO] PluginManage:310 - Check plugin thirdparty
2024-08-20 19:59:49,895 [INFO] PluginManage:359 - Loaded plugin thirdparty (category:base,tabindex:-1)
2024-08-20 19:59:49,895 [INFO] PluginManage:310 - Check plugin tools
2024-08-20 19:59:49,895 [WARN] IntegrityCheckThread:84 - waiting for thirdparty lock release [integrity check]
2024-08-20 19:59:49,897 [INFO] IntegrityCheckThread:86 - entering critical section [integrity check]
2024-08-20 19:59:49,900 [INFO] PluginManage:359 - Loaded plugin tools (category:base,tabindex:7)
2024-08-20 19:59:49,900 [INFO] PluginManage:310 - Check plugin tutovideos
2024-08-20 19:59:49,902 [INFO] ThirdPartyUpdaterWithRetryManager:70 - Updater plugin not ready yet. [1/15]
2024-08-20 19:59:50,081 [INFO] PluginManage:359 - Loaded plugin tutovideos (category:base,tabindex:-1)
2024-08-20 19:59:50,081 [INFO] PluginManage:310 - Check plugin updater
2024-08-20 19:59:50,101 [INFO] PluginManage:359 - Loaded plugin updater (category:base,tabindex:12)
2024-08-20 19:59:50,102 [INFO] PluginManage:310 - Check plugin userauth
2024-08-20 19:59:50,109 [INFO] UserAuth:113 - Init User Auth plugin
2024-08-20 19:59:50,109 [INFO] PluginManage:359 - Loaded plugin userauth (category:base,tabindex:14)
2024-08-20 19:59:50,110 [INFO] PluginManage:283 - PluginManage : Loaded plugins [18]
2024-08-20 19:59:50,339 [INFO] PinOutPanel:1561 - setPackage(No Configuration,No Configuration)
2024-08-20 19:59:50,465 [INFO] CADModel:165 - CPN selected for project level
2024-08-20 19:59:50,465 [INFO] CADModel:114 - Register for checkConnection events
2024-08-20 19:59:50,481 [INFO] IPUIPlugin:80 - create IPUIPlugin
2024-08-20 19:59:50,481 [INFO] PluginManager:220 - loadIPPluginJar : add adc
2024-08-20 19:59:50,484 [INFO] IPUIPlugin:80 - create IPUIPlugin
2024-08-20 19:59:50,484 [INFO] PluginManager:220 - loadIPPluginJar : add aes
2024-08-20 19:59:50,487 [INFO] IPUIPlugin:80 - create IPUIPlugin
2024-08-20 19:59:50,488 [INFO] PluginManager:220 - loadIPPluginJar : add can
2024-08-20 19:59:50,490 [INFO] IPUIPlugin:80 - create IPUIPlugin
2024-08-20 19:59:50,490 [INFO] PluginManager:220 - loadIPPluginJar : add comp
2024-08-20 19:59:50,493 [INFO] IPUIPlugin:80 - create IPUIPlugin
2024-08-20 19:59:50,493 [INFO] PluginManager:220 - loadIPPluginJar : add cryp
2024-08-20 19:59:50,496 [INFO] IPUIPlugin:80 - create IPUIPlugin
2024-08-20 19:59:50,496 [INFO] PluginManager:220 - loadIPPluginJar : add ddr_ctrl_phy
2024-08-20 19:59:50,499 [INFO] IPUIPlugin:80 - create IPUIPlugin
2024-08-20 19:59:50,499 [INFO] PluginManager:220 - loadIPPluginJar : add dfsdm
2024-08-20 19:59:50,504 [INFO] IPUIPlugin:80 - create IPUIPlugin
2024-08-20 19:59:50,505 [INFO] PluginManager:220 - loadIPPluginJar : add dma
2024-08-20 19:59:50,508 [INFO] IPUIPlugin:80 - create IPUIPlugin
2024-08-20 19:59:50,508 [INFO] PluginManager:220 - loadIPPluginJar : add dma3
2024-08-20 19:59:50,511 [INFO] IPUIPlugin:80 - create IPUIPlugin
2024-08-20 19:59:50,511 [INFO] PluginManager:220 - loadIPPluginJar : add extmemmanager
2024-08-20 19:59:50,513 [INFO] IPUIPlugin:80 - create IPUIPlugin
2024-08-20 19:59:50,514 [INFO] PluginManager:220 - loadIPPluginJar : add fatfs
2024-08-20 19:59:50,519 [INFO] IPUIPlugin:80 - create IPUIPlugin
2024-08-20 19:59:50,519 [INFO] PluginManager:220 - loadIPPluginJar : add fmc
2024-08-20 19:59:50,524 [INFO] IPUIPlugin:80 - create IPUIPlugin
2024-08-20 19:59:50,525 [INFO] PluginManager:220 - loadIPPluginJar : add freertos
2024-08-20 19:59:50,527 [INFO] IPUIPlugin:80 - create IPUIPlugin
2024-08-20 19:59:50,527 [INFO] PluginManager:220 - loadIPPluginJar : add genericplugin
2024-08-20 19:59:50,531 [INFO] IPUIPlugin:80 - create IPUIPlugin
2024-08-20 19:59:50,531 [INFO] PluginManager:220 - loadIPPluginJar : add gfxmmu
2024-08-20 19:59:50,536 [INFO] IPUIPlugin:80 - create IPUIPlugin
2024-08-20 19:59:50,537 [INFO] PluginManager:220 - loadIPPluginJar : add gic
2024-08-20 19:59:50,543 [INFO] IPUIPlugin:80 - create IPUIPlugin
2024-08-20 19:59:50,543 [INFO] PluginManager:220 - loadIPPluginJar : add gpio
2024-08-20 19:59:50,549 [INFO] IPUIPlugin:80 - create IPUIPlugin
2024-08-20 19:59:50,549 [INFO] PluginManager:220 - loadIPPluginJar : add gtzc
2024-08-20 19:59:50,553 [INFO] IPUIPlugin:80 - create IPUIPlugin
2024-08-20 19:59:50,553 [INFO] PluginManager:220 - loadIPPluginJar : add hash
2024-08-20 19:59:50,557 [INFO] IPUIPlugin:80 - create IPUIPlugin
2024-08-20 19:59:50,557 [INFO] PluginManager:220 - loadIPPluginJar : add i2c
2024-08-20 19:59:50,561 [INFO] IPUIPlugin:80 - create IPUIPlugin
2024-08-20 19:59:50,562 [INFO] PluginManager:220 - loadIPPluginJar : add i2s
2024-08-20 19:59:50,566 [INFO] IPUIPlugin:80 - create IPUIPlugin
2024-08-20 19:59:50,567 [INFO] PluginManager:220 - loadIPPluginJar : add i3c
2024-08-20 19:59:50,571 [INFO] IPUIPlugin:80 - create IPUIPlugin
2024-08-20 19:59:50,571 [INFO] PluginManager:220 - loadIPPluginJar : add ipddr
2024-08-20 19:59:50,579 [INFO] IPUIPlugin:80 - create IPUIPlugin
2024-08-20 19:59:50,579 [INFO] PluginManager:220 - loadIPPluginJar : add linkedlist
2024-08-20 19:59:50,584 [INFO] IPUIPlugin:80 - create IPUIPlugin
2024-08-20 19:59:50,584 [INFO] PluginManager:220 - loadIPPluginJar : add lorawan
2024-08-20 19:59:50,587 [INFO] IPUIPlugin:80 - create IPUIPlugin
2024-08-20 19:59:50,587 [INFO] PluginManager:220 - loadIPPluginJar : add ltdc
2024-08-20 19:59:50,595 [INFO] IPUIPlugin:80 - create IPUIPlugin
2024-08-20 19:59:50,595 [INFO] PluginManager:220 - loadIPPluginJar : add mdma
2024-08-20 19:59:50,600 [INFO] IPUIPlugin:80 - create IPUIPlugin
2024-08-20 19:59:50,600 [INFO] PluginManager:220 - loadIPPluginJar : add nvic
2024-08-20 19:59:50,604 [INFO] IPUIPlugin:80 - create IPUIPlugin
2024-08-20 19:59:50,604 [INFO] PluginManager:220 - loadIPPluginJar : add opamp
2024-08-20 19:59:50,609 [INFO] IPUIPlugin:80 - create IPUIPlugin
2024-08-20 19:59:50,609 [INFO] PluginManager:220 - loadIPPluginJar : add openamp
2024-08-20 19:59:50,613 [INFO] IPUIPlugin:80 - create IPUIPlugin
2024-08-20 19:59:50,613 [INFO] PluginManager:220 - loadIPPluginJar : add pdm2pcm
2024-08-20 19:59:50,619 [INFO] IPUIPlugin:80 - create IPUIPlugin
2024-08-20 19:59:50,623 [INFO] PluginManager:220 - loadIPPluginJar : add plateformsettings
2024-08-20 19:59:50,625 [INFO] IPUIPlugin:80 - create IPUIPlugin
2024-08-20 19:59:50,625 [INFO] PluginManager:220 - loadIPPluginJar : add quadspi
2024-08-20 19:59:50,627 [INFO] IPUIPlugin:80 - create IPUIPlugin
2024-08-20 19:59:50,629 [INFO] PluginManager:220 - loadIPPluginJar : add radio
2024-08-20 19:59:50,632 [INFO] IPUIPlugin:80 - create IPUIPlugin
2024-08-20 19:59:50,633 [INFO] PluginManager:220 - loadIPPluginJar : add resmgrutility
2024-08-20 19:59:50,636 [INFO] IPUIPlugin:80 - create IPUIPlugin
2024-08-20 19:59:50,636 [INFO] PluginManager:220 - loadIPPluginJar : add sai
2024-08-20 19:59:50,639 [INFO] IPUIPlugin:80 - create IPUIPlugin
2024-08-20 19:59:50,639 [INFO] PluginManager:220 - loadIPPluginJar : add spi
2024-08-20 19:59:50,646 [INFO] IPUIPlugin:80 - create IPUIPlugin
2024-08-20 19:59:50,646 [INFO] PluginManager:220 - loadIPPluginJar : add stm32_wpan
2024-08-20 19:59:50,648 [INFO] IPUIPlugin:80 - create IPUIPlugin
2024-08-20 19:59:50,649 [INFO] PluginManager:220 - loadIPPluginJar : add tim
2024-08-20 19:59:50,653 [INFO] IPUIPlugin:80 - create IPUIPlugin
2024-08-20 19:59:50,653 [INFO] PluginManager:220 - loadIPPluginJar : add touchsensing
2024-08-20 19:59:50,656 [INFO] IPUIPlugin:80 - create IPUIPlugin
2024-08-20 19:59:50,657 [INFO] PluginManager:220 - loadIPPluginJar : add tracer_emb
2024-08-20 19:59:50,660 [INFO] IPUIPlugin:80 - create IPUIPlugin
2024-08-20 19:59:50,660 [INFO] PluginManager:220 - loadIPPluginJar : add ts
2024-08-20 19:59:50,662 [INFO] IPUIPlugin:80 - create IPUIPlugin
2024-08-20 19:59:50,663 [INFO] PluginManager:220 - loadIPPluginJar : add tsc
2024-08-20 19:59:50,666 [INFO] IPUIPlugin:80 - create IPUIPlugin
2024-08-20 19:59:50,666 [INFO] PluginManager:220 - loadIPPluginJar : add ucpd
2024-08-20 19:59:50,669 [INFO] IPUIPlugin:80 - create IPUIPlugin
2024-08-20 19:59:50,669 [INFO] PluginManager:220 - loadIPPluginJar : add usart
2024-08-20 19:59:50,673 [INFO] IPUIPlugin:80 - create IPUIPlugin
2024-08-20 19:59:50,673 [INFO] PluginManager:220 - loadIPPluginJar : add usbx
2024-08-20 19:59:50,839 [INFO] CADModel:165 - CPN selected for project level
2024-08-20 19:59:50,839 [INFO] CADModel:114 - Register for checkConnection events
2024-08-20 19:59:50,839 [FATAL] Updater:334 - Updater called before beeing initialized
2024-08-20 19:59:50,840 [ERROR] CADModel:125 - Updater not yet initialized, retry later 
2024-08-20 19:59:50,974 [INFO] CADModel:165 - CPN selected for project level
2024-08-20 19:59:50,974 [INFO] CADModel:114 - Register for checkConnection events
2024-08-20 19:59:50,974 [FATAL] Updater:334 - Updater called before beeing initialized
2024-08-20 19:59:50,974 [ERROR] CADModel:125 - Updater not yet initialized, retry later 
2024-08-20 19:59:50,978 [FATAL] Updater:334 - Updater called before beeing initialized
2024-08-20 19:59:51,136 [FATAL] Updater:334 - Updater called before beeing initialized
2024-08-20 19:59:51,143 [INFO] DbMcusAds:53 - JSON generation date=Thu May 16 11:22:00 SAST 2024 (1715851320667)
2024-08-20 19:59:51,143 [FATAL] Updater:334 - Updater called before beeing initialized
2024-08-20 19:59:51,182 [WARN] DetailPanel:346 - Failed to get advertising image, set to default
2024-08-20 19:59:51,280 [FATAL] Updater:334 - Updater called before beeing initialized
2024-08-20 19:59:51,281 [FATAL] Updater:334 - Updater called before beeing initialized
2024-08-20 19:59:51,281 [FATAL] Updater:334 - Updater called before beeing initialized
2024-08-20 19:59:51,281 [WARN] DetailPanel:346 - Failed to get advertising image, set to default
2024-08-20 19:59:51,282 [FATAL] Updater:334 - Updater called before beeing initialized
2024-08-20 19:59:51,333 [ERROR] Updater:1164 - MainUpdater not yet initialized. External WinMGr cannot be set.
2024-08-20 19:59:51,337 [INFO] Updater:1100 - Updater Version found : 6.12.0
2024-08-20 19:59:51,356 [INFO] ApplicationProperties:184 - Using Application install path: C:\ST\STM32CubeIDE_1.16.0\STM32CubeIDE\plugins\com.st.stm32cube.common.mx_6.12.0.202406281431
2024-08-20 19:59:52,905 [INFO] ThirdPartyUpdaterWithRetryManager:70 - Updater plugin not ready yet. [2/15]
2024-08-20 19:59:52,950 [ERROR] LogOutputStream:75 - [STDERR_REDIRECT] Aug 20, 2024 7:59:52 PM java.util.prefs.WindowsPreferences <init>
2024-08-20 19:59:52,952 [ERROR] LogOutputStream:75 - [STDERR_REDIRECT] WARNING: Could not open/create prefs root node Software\JavaSoft\Prefs at root 0xffffffff80000002. Windows RegCreateKeyEx(...) returned error code 5.
2024-08-20 19:59:52,952 [ERROR] LogOutputStream:75 - [STDERR_REDIRECT] 
2024-08-20 19:59:53,238 [INFO] MainUpdater:2873 - connection check result : 10
2024-08-20 19:59:53,239 [INFO] MainUpdater:290 - Updater Check For Update Now.
2024-08-20 19:59:53,239 [INFO] MicroXplorer:498 - Change Database Version : DB.6.0.120
2024-08-20 19:59:53,247 [INFO] McuFinderGlobals:63 - Set McuFinder mode to 2 (CubeIDE integrated)
2024-08-20 19:59:53,247 [INFO] UserAuth:179 - activating auth plugin
2024-08-20 19:59:53,280 [INFO] UserAuth:417 - Internet connection configuration mode: 1
2024-08-20 19:59:53,315 [INFO] JxBrowserEngine:152 - Initiate JxBrowser Engine with user profile folder
2024-08-20 19:59:53,597 [INFO] CheckServerUpdateThread:120 - End of CheckServer Thread
2024-08-20 19:59:54,915 [INFO] WebApp:167 - Instantiating new browser for Auth
2024-08-20 19:59:56,357 [WARN] PackLoader:240 - Cannot read IP mode file for STMicroelectronics.FP-SNS-MOTENVWB1.1.4.0
2024-08-20 19:59:56,383 [WARN] PackLoader:240 - Cannot read IP mode file for STMicroelectronics.X-CUBE-SMBUS.2.1.0
2024-08-20 19:59:56,442 [WARN] PackLoader:240 - Cannot read IP mode file for STMicroelectronics.X-CUBE-AZRTOS-F7.1.1.0
2024-08-20 19:59:56,604 [WARN] PackLoader:240 - Cannot read IP mode file for STMicroelectronics.X-CUBE-MEMS1.11.0.0
2024-08-20 19:59:57,009 [WARN] PackLoader:240 - Cannot read IP mode file for STMicroelectronics.FP-SNS-FLIGHT1.5.0.2
2024-08-20 19:59:57,023 [WARN] PackLoader:240 - Cannot read IP mode file for STMicroelectronics.X-CUBE-DISPLAY.3.0.0
2024-08-20 19:59:57,042 [WARN] PackLoader:240 - Cannot read IP mode file for STMicroelectronics.X-CUBE-BLE1.7.0.0
2024-08-20 19:59:57,062 [WARN] PackLoader:240 - Cannot read IP mode file for emotas.I-CUBE-CANOPEN.1.3.0
2024-08-20 19:59:57,100 [WARN] PackLoader:240 - Cannot read IP mode file for STMicroelectronics.X-CUBE-BLEMGR.3.1.0
2024-08-20 19:59:57,114 [WARN] PackLoader:240 - Cannot read IP mode file for STMicroelectronics.FP-SNS-SMARTAG2.1.2.0
2024-08-20 19:59:57,129 [INFO] LogOutputStream:77 - [STDOUT_REDIRECT] 1 : Invalid condition id : UX_CORESTACK_Condition cause : null
2024-08-20 19:59:57,130 [INFO] LogOutputStream:77 - [STDOUT_REDIRECT] 1 : Invalid condition id : UX_CORESTACK_Condition cause : null
2024-08-20 19:59:57,131 [INFO] LogOutputStream:77 - [STDOUT_REDIRECT] 1 : Invalid condition id : UX_CORESTACK_Condition cause : null
2024-08-20 19:59:57,134 [INFO] LogOutputStream:77 - [STDOUT_REDIRECT] 1 : Invalid condition id : UX_CORESTACK_Condition cause : null
2024-08-20 19:59:57,136 [INFO] LogOutputStream:77 - [STDOUT_REDIRECT] 1 : Invalid condition id : UX_CORESTACK_Condition cause : null
2024-08-20 19:59:57,142 [WARN] PackLoader:240 - Cannot read IP mode file for STMicroelectronics.X-CUBE-AZRTOS-WL.2.0.0
2024-08-20 19:59:57,155 [WARN] PackLoader:240 - Cannot read IP mode file for STMicroelectronics.FP-SNS-MOTENV1.5.0.0
2024-08-20 19:59:57,168 [WARN] PackLoader:240 - Cannot read IP mode file for wolfSSL.I-CUBE-wolfMQTT.1.19.0
2024-08-20 19:59:57,189 [WARN] PackLoader:240 - Cannot read IP mode file for WES.I-CUBE-Cesium.1.3.0
2024-08-20 19:59:57,201 [WARN] PackLoader:240 - Cannot read IP mode file for STMicroelectronics.X-CUBE-BLE2.3.3.0
2024-08-20 19:59:57,221 [WARN] PackLoader:240 - Cannot read IP mode file for STMicroelectronics.X-CUBE-TCPP.4.1.0
2024-08-20 19:59:57,264 [WARN] PackLoader:240 - Cannot read IP mode file for STMicroelectronics.X-CUBE-AZRTOS-G0.1.1.0
2024-08-20 19:59:57,284 [WARN] PackLoader:240 - Cannot read IP mode file for STMicroelectronics.X-CUBE-SAFEA1.1.2.2
2024-08-20 19:59:57,300 [WARN] PackLoader:240 - Cannot read IP mode file for STMicroelectronics.X-CUBE-NFC4.3.0.0
2024-08-20 19:59:57,333 [WARN] PackLoader:240 - Cannot read IP mode file for EmbeddedOffice.I-CUBE-FS-RTOS.1.0.1
2024-08-20 19:59:57,333 [ERROR] ConditionMgr:805 - Attr not supported : Dmpu
2024-08-20 19:59:57,333 [ERROR] ConditionMgr:805 - Attr not supported : Dmpu
2024-08-20 19:59:57,334 [ERROR] ConditionMgr:805 - Attr not supported : Dmpu
2024-08-20 19:59:57,334 [ERROR] ConditionMgr:805 - Attr not supported : Dmpu
2024-08-20 19:59:57,334 [ERROR] ConditionMgr:805 - Attr not supported : Dmpu
2024-08-20 19:59:57,334 [ERROR] ConditionMgr:805 - Attr not supported : Dmpu
2024-08-20 19:59:57,334 [ERROR] ConditionMgr:805 - Attr not supported : Dmpu
2024-08-20 19:59:57,334 [ERROR] ConditionMgr:805 - Attr not supported : Dmpu
2024-08-20 19:59:57,342 [ERROR] ConditionMgr:805 - Attr not supported : Dmpu
2024-08-20 19:59:57,345 [ERROR] ConditionMgr:805 - Attr not supported : Dmpu
2024-08-20 19:59:57,345 [ERROR] ConditionMgr:805 - Attr not supported : Dmpu
2024-08-20 19:59:57,347 [ERROR] ConditionMgr:805 - Attr not supported : Dmpu
2024-08-20 19:59:57,347 [ERROR] ConditionMgr:805 - Attr not supported : Dmpu
2024-08-20 19:59:57,347 [ERROR] ConditionMgr:805 - Attr not supported : Dmpu
2024-08-20 19:59:57,348 [ERROR] ConditionMgr:805 - Attr not supported : Dmpu
2024-08-20 19:59:57,348 [ERROR] ConditionMgr:805 - Attr not supported : Dmpu
2024-08-20 19:59:57,348 [ERROR] ConditionMgr:805 - Attr not supported : Dmpu
2024-08-20 19:59:57,348 [ERROR] ConditionMgr:805 - Attr not supported : Dmpu
2024-08-20 19:59:57,348 [ERROR] ConditionMgr:805 - Attr not supported : Dmpu
2024-08-20 19:59:57,348 [ERROR] ConditionMgr:805 - Attr not supported : Dmpu
2024-08-20 19:59:57,348 [ERROR] ConditionMgr:805 - Attr not supported : Dmpu
2024-08-20 19:59:57,348 [ERROR] ConditionMgr:805 - Attr not supported : Dmpu
2024-08-20 19:59:57,348 [ERROR] ConditionMgr:805 - Attr not supported : Dmpu
2024-08-20 19:59:57,348 [ERROR] ConditionMgr:805 - Attr not supported : Dmpu
2024-08-20 19:59:57,349 [ERROR] ConditionMgr:805 - Attr not supported : Dmpu
2024-08-20 19:59:57,349 [ERROR] ConditionMgr:805 - Attr not supported : Dmpu
2024-08-20 19:59:57,349 [ERROR] ConditionMgr:805 - Attr not supported : Dmpu
2024-08-20 19:59:57,349 [ERROR] ConditionMgr:805 - Attr not supported : Dmpu
2024-08-20 19:59:57,349 [ERROR] ConditionMgr:805 - Attr not supported : Dmpu
2024-08-20 19:59:57,349 [ERROR] ConditionMgr:805 - Attr not supported : Dmpu
2024-08-20 19:59:57,349 [ERROR] ConditionMgr:805 - Attr not supported : Dmpu
2024-08-20 19:59:57,349 [ERROR] ConditionMgr:805 - Attr not supported : Dmpu
2024-08-20 19:59:57,349 [ERROR] ConditionMgr:805 - Attr not supported : Dmpu
2024-08-20 19:59:57,349 [ERROR] ConditionMgr:805 - Attr not supported : Dmpu
2024-08-20 19:59:57,350 [ERROR] ConditionMgr:805 - Attr not supported : Dmpu
2024-08-20 19:59:57,350 [ERROR] ConditionMgr:805 - Attr not supported : Dmpu
2024-08-20 19:59:57,350 [ERROR] ConditionMgr:805 - Attr not supported : Dmpu
2024-08-20 19:59:57,350 [ERROR] ConditionMgr:805 - Attr not supported : Dmpu
2024-08-20 19:59:57,350 [ERROR] ConditionMgr:805 - Attr not supported : Dmpu
2024-08-20 19:59:57,350 [ERROR] ConditionMgr:805 - Attr not supported : Dmpu
2024-08-20 19:59:57,350 [ERROR] ConditionMgr:805 - Attr not supported : Dmpu
2024-08-20 19:59:57,351 [ERROR] ConditionMgr:805 - Attr not supported : Dmpu
2024-08-20 19:59:57,351 [ERROR] ConditionMgr:805 - Attr not supported : Dmpu
2024-08-20 19:59:57,351 [ERROR] ConditionMgr:805 - Attr not supported : Dmpu
2024-08-20 19:59:57,351 [ERROR] ConditionMgr:805 - Attr not supported : Dmpu
2024-08-20 19:59:57,351 [ERROR] ConditionMgr:805 - Attr not supported : Dmpu
2024-08-20 19:59:57,351 [ERROR] ConditionMgr:805 - Attr not supported : Dmpu
2024-08-20 19:59:57,351 [ERROR] ConditionMgr:805 - Attr not supported : Dmpu
2024-08-20 19:59:57,351 [ERROR] ConditionMgr:805 - Attr not supported : Dmpu
2024-08-20 19:59:57,351 [ERROR] ConditionMgr:805 - Attr not supported : Dmpu
2024-08-20 19:59:57,352 [ERROR] ConditionMgr:805 - Attr not supported : Dmpu
2024-08-20 19:59:57,352 [ERROR] ConditionMgr:805 - Attr not supported : Dmpu
2024-08-20 19:59:57,352 [ERROR] ConditionMgr:805 - Attr not supported : Dmpu
2024-08-20 19:59:57,352 [ERROR] ConditionMgr:805 - Attr not supported : Dmpu
2024-08-20 19:59:57,352 [ERROR] ConditionMgr:805 - Attr not supported : Dmpu
2024-08-20 19:59:57,352 [ERROR] ConditionMgr:805 - Attr not supported : Dmpu
2024-08-20 19:59:57,352 [ERROR] ConditionMgr:805 - Attr not supported : Dmpu
2024-08-20 19:59:57,352 [ERROR] ConditionMgr:805 - Attr not supported : Dmpu
2024-08-20 19:59:57,353 [ERROR] ConditionMgr:805 - Attr not supported : Dmpu
2024-08-20 19:59:57,353 [ERROR] ConditionMgr:805 - Attr not supported : Dmpu
2024-08-20 19:59:57,353 [ERROR] ConditionMgr:805 - Attr not supported : Dmpu
2024-08-20 19:59:57,354 [ERROR] ConditionMgr:805 - Attr not supported : Dmpu
2024-08-20 19:59:57,354 [ERROR] ConditionMgr:805 - Attr not supported : Dmpu
2024-08-20 19:59:57,354 [ERROR] ConditionMgr:805 - Attr not supported : Dmpu
2024-08-20 19:59:57,367 [WARN] PackLoader:240 - Cannot read IP mode file for RealThread.X-CUBE-RT-Thread_Nano.4.1.1
2024-08-20 19:59:57,377 [WARN] PackLoader:240 - Cannot read IP mode file for STMicroelectronics.FP-ATR-SIGFOX1.3.2.0
2024-08-20 19:59:57,385 [WARN] PackLoader:240 - Cannot read IP mode file for wolfSSL.I-CUBE-wolfSSL.5.7.2
2024-08-20 19:59:57,397 [WARN] PackLoader:240 - Cannot read IP mode file for STMicroelectronics.X-CUBE-EEPRMA1.5.1.0
2024-08-20 19:59:57,416 [WARN] PackLoader:240 - Cannot read IP mode file for ITTIA_DB.I-CUBE-ITTIADB.8.9.0
2024-08-20 19:59:57,505 [WARN] PackLoader:240 - Cannot read IP mode file for SEGGER.I-CUBE-embOS.1.3.1
2024-08-20 19:59:57,599 [WARN] PackLoader:240 - Cannot read IP mode file for STMicroelectronics.X-CUBE-ALGOBUILD.1.4.0
2024-08-20 19:59:57,610 [WARN] PackLoader:240 - Cannot read IP mode file for STMicroelectronics.X-CUBE-GNSS1.6.0.0
2024-08-20 19:59:57,639 [WARN] PackLoader:240 - Cannot read IP mode file for STMicroelectronics.X-CUBE-AZRTOS-F4.1.1.0
2024-08-20 19:59:57,653 [WARN] PackLoader:240 - Cannot read IP mode file for STMicroelectronics.X-CUBE-FREERTOS.1.2.0
2024-08-20 19:59:57,680 [WARN] PackLoader:240 - Cannot read IP mode file for STMicroelectronics.X-CUBE-AZRTOS-L5.2.0.0
2024-08-20 19:59:57,720 [WARN] PackLoader:240 - Cannot read IP mode file for STMicroelectronics.X-CUBE-NFC6.3.1.0
2024-08-20 19:59:57,733 [WARN] PackLoader:240 - Cannot read IP mode file for STMicroelectronics.X-CUBE-DPower.1.2.0
2024-08-20 19:59:57,742 [WARN] PackLoader:240 - Cannot read IP mode file for STMicroelectronics.X-CUBE-AI.9.0.0
2024-08-20 19:59:57,752 [WARN] PackLoader:240 - Cannot read IP mode file for STMicroelectronics.X-CUBE-NFC7.1.0.1
2024-08-20 19:59:57,760 [WARN] PackLoader:240 - Cannot read IP mode file for wolfSSL.I-CUBE-wolfTPM.3.2.0
2024-08-20 19:59:57,790 [WARN] ConditionMgr:438 - getConditionDescription Invalid condition id : LAN8742 Phy interface Condition cause : null
2024-08-20 19:59:57,791 [WARN] PackLoader:240 - Cannot read IP mode file for STMicroelectronics.X-CUBE-AZRTOS-L4.2.0.0
2024-08-20 19:59:57,793 [WARN] ConditionMgr:1039 - genDependencies : Invalid condition id : LAN8742 Phy interface Condition cause : null
2024-08-20 19:59:57,794 [WARN] ConditionMgr:1039 - genDependencies : Invalid condition id : LAN8742 Phy interface Condition cause : null
2024-08-20 19:59:57,795 [WARN] ConditionMgr:1039 - genDependencies : Invalid condition id : LAN8742 Phy interface Condition cause : null
2024-08-20 19:59:57,822 [WARN] PackLoader:240 - Cannot read IP mode file for STMicroelectronics.X-CUBE-SFXS2LP1.4.0.0
2024-08-20 19:59:57,858 [WARN] PackLoader:240 - Cannot read IP mode file for STMicroelectronics.X-CUBE-AZRTOS-H7.3.3.0
2024-08-20 19:59:57,887 [WARN] ConditionMgr:438 - getConditionDescription Invalid condition id : UX DEVICE CLASS RTOS Condition cause : null
2024-08-20 19:59:57,888 [WARN] ConditionMgr:438 - getConditionDescription Invalid condition id : UX DEVICE CLASS RTOS Condition cause : null
2024-08-20 19:59:57,891 [WARN] PackLoader:240 - Cannot read IP mode file for STMicroelectronics.X-CUBE-AZRTOS-WB.2.0.0
2024-08-20 19:59:57,892 [WARN] ConditionMgr:1039 - genDependencies : Invalid condition id : UX DEVICE CLASS RTOS Condition cause : null
2024-08-20 19:59:57,893 [WARN] ConditionMgr:1039 - genDependencies : Invalid condition id : UX DEVICE CLASS RTOS Condition cause : null
2024-08-20 19:59:57,893 [WARN] ConditionMgr:1039 - genDependencies : Invalid condition id : UX DEVICE CLASS RTOS Condition cause : null
2024-08-20 19:59:57,894 [WARN] ConditionMgr:1039 - genDependencies : Invalid condition id : UX DEVICE CLASS RTOS Condition cause : null
2024-08-20 19:59:57,894 [WARN] ConditionMgr:1039 - genDependencies : Invalid condition id : UX DEVICE CLASS RTOS Condition cause : null
2024-08-20 19:59:57,915 [WARN] PackLoader:240 - Cannot read IP mode file for STMicroelectronics.X-CUBE-SUBG2.5.0.0
2024-08-20 19:59:57,955 [WARN] PackLoader:240 - Cannot read IP mode file for Cesanta.I-CUBE-Mongoose.7.13.0
2024-08-20 19:59:57,979 [WARN] PackLoader:240 - Cannot read IP mode file for STMicroelectronics.X-CUBE-AZRTOS-G4.2.0.0
2024-08-20 19:59:57,992 [WARN] PackLoader:240 - Cannot read IP mode file for STMicroelectronics.X-CUBE-ISPU.2.0.0
2024-08-20 19:59:58,001 [WARN] PackLoader:240 - Cannot read IP mode file for STMicroelectronics.X-CUBE-ALS.1.0.2
2024-08-20 19:59:58,077 [WARN] PackLoader:240 - Cannot read IP mode file for STMicroelectronics.X-CUBE-MEMS1.10.0.0
2024-08-20 19:59:58,367 [WARN] PackLoader:240 - Cannot read IP mode file for STMicroelectronics.X-CUBE-TOUCHGFX.4.24.0
2024-08-20 19:59:58,380 [WARN] PackLoader:240 - Cannot read IP mode file for portGmbH.I-Cube-SoM-uGOAL.1.1.0
2024-08-20 19:59:58,406 [WARN] PackLoader:240 - Cannot read IP mode file for STMicroelectronics.X-CUBE-AZRTOS-H7RS.1.0.0
2024-08-20 19:59:58,418 [WARN] PackLoader:240 - Cannot read IP mode file for STMicroelectronics.FP-ATR-ASTRA1.2.0.0
2024-08-20 19:59:58,435 [WARN] PackLoader:240 - Cannot read IP mode file for STMicroelectronics.X-CUBE-TOF1.3.4.2
2024-08-20 19:59:58,490 [WARN] PackLoader:240 - Cannot read IP mode file for Infineon.AIROC-Wi-Fi-Bluetooth-STM32.1.6.1
2024-08-20 19:59:58,505 [WARN] PackLoader:240 - Cannot read IP mode file for wolfSSL.I-CUBE-wolfSSH.1.4.17
2024-08-20 19:59:58,506 [INFO] ThirdParty:978 - Integrity check success = true
2024-08-20 19:59:58,506 [INFO] IntegrityCheckThread:100 - exiting critical section [integrity check]
2024-08-20 19:59:58,506 [INFO] IntegrityCheckThread:103 - End integrity checks thread
2024-08-20 20:00:00,294 [INFO] WebApp:448 - Apply proxy settings
2024-08-20 20:00:00,294 [INFO] WebApp:533 - Chromium requires no authentication
2024-08-20 20:00:00,306 [INFO] WebApp:476 - Direct internet connection detected
2024-08-20 20:00:00,344 [INFO] WebApp:869 - Register for checkConnection events
2024-08-20 20:00:00,344 [INFO] WebApp:448 - Apply proxy settings
2024-08-20 20:00:00,344 [INFO] WebApp:533 - Chromium requires no authentication
2024-08-20 20:00:00,345 [INFO] WebApp:476 - Direct internet connection detected
2024-08-20 20:00:00,633 [INFO] WebApp:220 - Starting web application
2024-08-20 20:00:00,633 [INFO] WebApp:578 - Web application path used C:\ST\STM32CubeIDE_1.16.0\STM32CubeIDE\plugins\com.st.stm32cube.common.mx_6.12.0.202406281431\db\plugins\mcufinder\reactClient1\index.html
2024-08-20 20:00:02,062 [INFO] WebApp:186 - Connection restablished
